
> rest-express@1.0.0 dev
> NODE_ENV=development tsx server/index.ts

1:36:44 PM [express] serving on port 3002
1:36:51 PM [express] GET /api/billing/1 200 in 6ms :: {"id":1,"name":"Funnel Portals Agency","slug":…
Browserslist: browsers data (caniuse-lite) is 8 months old. Please run:
  npx update-browserslist-db@latest
  Why you should do it regularly: https://github.com/browserslist/update-db#readme
1:38:26 PM [express] GET /api/notifications 200 in 1ms :: [{"id":1,"userId":1,"organizationId":1,"ty…
1:38:26 PM [express] GET /api/notifications/unread-count 304 in 0ms :: {"count":3}
1:38:26 PM [express] GET /api/clients 304 in 1ms :: [{"id":1,"name":"Sarah Chen","email":"sarah@tech…
1:38:26 PM [express] GET /api/stats 304 in 0ms :: {"activeProjects":3,"totalClients":3,"monthlyReven…
1:38:26 PM [express] GET /api/projects 304 in 1ms :: [{"id":1,"title":"E-commerce Platform","descrip…
1:38:26 PM [express] GET /api/activities 200 in 1ms :: [{"id":1,"type":"milestone_completed","title"…
1:38:26 PM [express] GET /api/projects/2/team-members 200 in 1ms :: [{"id":4,"projectId":2,"userId":…
1:38:26 PM [express] GET /api/projects/3/team-members 200 in 2ms :: [{"id":6,"projectId":3,"userId":…
1:38:26 PM [express] GET /api/projects/1/team-members 200 in 1ms :: [{"id":1,"projectId":1,"userId":…
1:40:03 PM [vite] hmr update /src/App.tsx?v=PIAmMRDo9wTcQUH5_Yno3, /src/index.css?v=PIAmMRDo9wTcQUH5_Yno3
1:43:40 PM [express] GET /api/notifications 304 in 1ms :: [{"id":1,"userId":1,"organizationId":1,"ty…
1:43:40 PM [express] GET /api/notifications/unread-count 304 in 1ms :: {"count":3}
1:43:40 PM [express] GET /api/clients 304 in 0ms :: [{"id":1,"name":"Sarah Chen","email":"sarah@tech…
1:43:40 PM [express] GET /api/stats 304 in 0ms :: {"activeProjects":3,"totalClients":3,"monthlyReven…
1:43:40 PM [express] GET /api/projects 304 in 0ms :: [{"id":1,"title":"E-commerce Platform","descrip…
1:43:40 PM [express] GET /api/activities 304 in 0ms :: [{"id":1,"type":"milestone_completed","title"…
1:43:40 PM [express] GET /api/projects/2/team-members 304 in 2ms :: [{"id":4,"projectId":2,"userId":…
1:43:40 PM [express] GET /api/projects/3/team-members 304 in 1ms :: [{"id":6,"projectId":3,"userId":…
1:43:40 PM [express] GET /api/projects/1/team-members 304 in 1ms :: [{"id":1,"projectId":1,"userId":…
1:43:41 PM [express] GET /api/billing/1 200 in 1ms :: {"id":1,"name":"Funnel Portals Agency","slug":…
1:44:51 PM [vite] hmr update /src/pages/billing-fixed.tsx, /src/index.css?v=PIAmMRDo9wTcQUH5_Yno3
1:46:26 PM [vite] hmr update /src/pages/billing-fixed.tsx, /src/index.css?v=PIAmMRDo9wTcQUH5_Yno3
1:46:33 PM [vite] hmr update /src/pages/billing-fixed.tsx, /src/index.css?v=PIAmMRDo9wTcQUH5_Yno3
1:46:39 PM [vite] hmr update /src/components/ui/pricing-tab.tsx, /src/index.css?v=PIAmMRDo9wTcQUH5_Yno3
1:46:51 PM [vite] hmr update /src/pages/billing-fixed.tsx, /src/index.css?v=PIAmMRDo9wTcQUH5_Yno3
1:47:14 PM [express] GET /api/notifications 304 in 1ms :: [{"id":1,"userId":1,"organizationId":1,"ty…
1:47:14 PM [express] GET /api/notifications/unread-count 304 in 0ms :: {"count":3}
1:47:14 PM [express] GET /api/clients 304 in 1ms :: [{"id":1,"name":"Sarah Chen","email":"sarah@tech…
1:47:14 PM [express] GET /api/stats 304 in 0ms :: {"activeProjects":3,"totalClients":3,"monthlyReven…
1:47:14 PM [express] GET /api/projects 304 in 0ms :: [{"id":1,"title":"E-commerce Platform","descrip…
1:47:14 PM [express] GET /api/activities 304 in 0ms :: [{"id":1,"type":"milestone_completed","title"…
1:47:14 PM [express] GET /api/projects/3/team-members 304 in 0ms :: [{"id":6,"projectId":3,"userId":…
1:47:14 PM [express] GET /api/projects/2/team-members 304 in 0ms :: [{"id":4,"projectId":2,"userId":…
1:47:14 PM [express] GET /api/projects/1/team-members 304 in 0ms :: [{"id":1,"projectId":1,"userId":…
1:47:17 PM [express] GET /api/billing/1 304 in 3ms :: {"id":1,"name":"Funnel Portals Agency","slug":…
1:47:45 PM [express] GET /api/team/members 200 in 1ms :: [{"id":1,"supabaseId":"00000000-0000-0000-0…
1:49:09 PM [express] GET /api/users 200 in 1ms :: [{"id":1,"supabaseId":"00000000-0000-0000-0000-000…
1:49:09 PM [express] GET /api/projects 200 in 1ms :: [{"id":1,"title":"E-commerce Platform","descrip…
1:49:09 PM [express] GET /api/projects/1/team-members 304 in 2ms :: [{"id":1,"projectId":1,"userId":…
1:49:09 PM [express] GET /api/projects/2/team-members 304 in 1ms :: [{"id":4,"projectId":2,"userId":…
1:49:09 PM [express] GET /api/projects/3/team-members 304 in 0ms :: [{"id":6,"projectId":3,"userId":…
1:51:05 PM [express] POST /api/projects/2/team-members 201 in 6ms :: {"projectId":2,"userId":3,"role…
1:51:05 PM [express] GET /api/projects/1/team-members 304 in 0ms :: [{"id":1,"projectId":1,"userId":…
1:51:05 PM [express] GET /api/projects 304 in 1ms :: [{"id":1,"title":"E-commerce Platform","descrip…
1:51:05 PM [express] GET /api/projects/2/team-members 200 in 1ms :: [{"id":4,"projectId":2,"userId":…
1:51:05 PM [express] GET /api/projects/3/team-members 304 in 0ms :: [{"id":6,"projectId":3,"userId":…
1:51:26 PM [vite] hmr update /src/pages/admin.tsx, /src/index.css?v=PIAmMRDo9wTcQUH5_Yno3
1:51:31 PM [vite] hmr update /src/pages/admin.tsx, /src/index.css?v=PIAmMRDo9wTcQUH5_Yno3
1:51:45 PM [vite] hmr update /src/pages/admin.tsx, /src/index.css?v=PIAmMRDo9wTcQUH5_Yno3
1:51:58 PM [vite] hmr update /src/pages/admin.tsx, /src/index.css?v=PIAmMRDo9wTcQUH5_Yno3
1:52:21 PM [vite] hmr update /src/pages/admin.tsx, /src/index.css?v=PIAmMRDo9wTcQUH5_Yno3
1:52:40 PM [vite] hmr update /src/pages/admin.tsx, /src/index.css?v=PIAmMRDo9wTcQUH5_Yno3
2:35:12 PM [express] DELETE /api/project-team-members/4 204 in 2ms
2:35:12 PM [express] DELETE /api/project-team-members/3 204 in 1ms
2:35:12 PM [express] GET /api/projects 304 in 1ms :: [{"id":1,"title":"E-commerce Platform","descrip…
2:35:12 PM [express] GET /api/projects/1/team-members 200 in 1ms :: [{"id":1,"projectId":1,"userId":…
2:35:12 PM [express] GET /api/projects/2/team-members 200 in 1ms :: [{"id":5,"projectId":2,"userId":…
2:35:12 PM [express] GET /api/projects/3/team-members 304 in 0ms :: [{"id":6,"projectId":3,"userId":…
2:40:47 PM [express] GET /api/users 304 in 4ms :: [{"id":1,"supabaseId":"00000000-0000-0000-0000-000…
2:40:47 PM [express] GET /api/projects 304 in 0ms :: [{"id":1,"title":"E-commerce Platform","descrip…
2:40:47 PM [express] GET /api/projects/1/team-members 304 in 1ms :: [{"id":1,"projectId":1,"userId":…
2:40:47 PM [express] GET /api/projects/2/team-members 304 in 1ms :: [{"id":5,"projectId":2,"userId":…
2:40:47 PM [express] GET /api/projects/3/team-members 304 in 0ms :: [{"id":6,"projectId":3,"userId":…
2:45:32 PM [vite] hmr update /src/components/project-assignment-matrix.tsx, /src/index.css?v=PIAmMRDo9wTcQUH5_Yno3
2:45:42 PM [vite] hmr update /src/components/project-assignment-matrix.tsx, /src/index.css?v=PIAmMRDo9wTcQUH5_Yno3
2:46:28 PM [express] GET /api/notifications 304 in 0ms :: [{"id":1,"userId":1,"organizationId":1,"ty…
2:46:28 PM [express] GET /api/notifications/unread-count 304 in 0ms :: {"count":3}
2:46:28 PM [express] GET /api/clients 304 in 1ms :: [{"id":1,"name":"Sarah Chen","email":"sarah@tech…
2:46:28 PM [express] GET /api/stats 304 in 1ms :: {"activeProjects":3,"totalClients":3,"monthlyReven…
2:46:28 PM [express] GET /api/projects 304 in 0ms :: [{"id":1,"title":"E-commerce Platform","descrip…
2:46:28 PM [express] GET /api/activities 304 in 0ms :: [{"id":1,"type":"milestone_completed","title"…
2:46:28 PM [express] GET /api/projects/2/team-members 304 in 1ms :: [{"id":5,"projectId":2,"userId":…
2:46:28 PM [express] GET /api/projects/3/team-members 304 in 0ms :: [{"id":6,"projectId":3,"userId":…
2:46:28 PM [express] GET /api/projects/1/team-members 304 in 1ms :: [{"id":1,"projectId":1,"userId":…
2:46:30 PM [express] GET /api/billing/1 304 in 0ms :: {"id":1,"name":"Funnel Portals Agency","slug":…
2:46:33 PM [express] GET /api/team/members 304 in 0ms :: [{"id":1,"supabaseId":"00000000-0000-0000-0…
2:46:40 PM [express] GET /api/users 304 in 1ms :: [{"id":1,"supabaseId":"00000000-0000-0000-0000-000…
2:46:40 PM [express] GET /api/projects 304 in 1ms :: [{"id":1,"title":"E-commerce Platform","descrip…
2:46:40 PM [express] GET /api/projects/1/team-members 304 in 1ms :: [{"id":1,"projectId":1,"userId":…
2:46:40 PM [express] GET /api/projects/2/team-members 304 in 1ms :: [{"id":5,"projectId":2,"userId":…
2:46:40 PM [express] GET /api/projects/3/team-members 304 in 0ms :: [{"id":6,"projectId":3,"userId":…
2:46:48 PM [express] GET /api/projects 200 in 1ms :: [{"id":1,"title":"E-commerce Platform","descrip…
2:47:18 PM [express] POST /api/projects 400 in 3ms :: {"error":"Invalid project data","details":[{"c…
2:48:27 PM [vite] hmr update /src/components/create-project-modal.tsx, /src/index.css?v=PIAmMRDo9wTcQUH5_Yno3
2:48:35 PM [vite] hmr update /src/components/create-project-modal.tsx, /src/index.css?v=PIAmMRDo9wTcQUH5_Yno3
2:48:49 PM [vite] hmr update /src/components/create-project-modal.tsx, /src/index.css?v=PIAmMRDo9wTcQUH5_Yno3
2:49:03 PM [vite] hmr update /src/components/create-project-modal.tsx, /src/index.css?v=PIAmMRDo9wTcQUH5_Yno3
2:50:59 PM [express] POST /api/projects 400 in 6ms :: {"error":"Invalid project data","details":[{"c…
2:51:04 PM [express] GET /api/notifications 304 in 0ms :: [{"id":1,"userId":1,"organizationId":1,"ty…
2:51:04 PM [express] GET /api/notifications/unread-count 304 in 0ms :: {"count":3}
2:51:04 PM [express] GET /api/clients 304 in 0ms :: [{"id":1,"name":"Sarah Chen","email":"sarah@tech…
2:51:04 PM [express] GET /api/stats 304 in 0ms :: {"activeProjects":3,"totalClients":3,"monthlyReven…
2:51:04 PM [express] GET /api/projects 304 in 1ms :: [{"id":1,"title":"E-commerce Platform","descrip…
2:51:04 PM [express] GET /api/activities 304 in 0ms :: [{"id":1,"type":"milestone_completed","title"…
2:51:04 PM [express] GET /api/projects/2/team-members 304 in 0ms :: [{"id":5,"projectId":2,"userId":…
2:51:04 PM [express] GET /api/projects/3/team-members 304 in 0ms :: [{"id":6,"projectId":3,"userId":…
2:51:04 PM [express] GET /api/projects/1/team-members 304 in 0ms :: [{"id":1,"projectId":1,"userId":…
2:51:12 PM [express] GET /api/notifications 200 in 2ms :: [{"id":1,"userId":1,"organizationId":1,"ty…
2:51:12 PM [express] GET /api/notifications/unread-count 200 in 0ms :: {"count":3}
2:51:12 PM [express] GET /api/clients 200 in 0ms :: [{"id":1,"name":"Sarah Chen","email":"sarah@tech…
2:51:12 PM [express] GET /api/stats 200 in 0ms :: {"activeProjects":3,"totalClients":3,"monthlyReven…
2:51:12 PM [express] GET /api/projects 200 in 1ms :: [{"id":1,"title":"E-commerce Platform","descrip…
2:51:12 PM [express] GET /api/activities 200 in 1ms :: [{"id":1,"type":"milestone_completed","title"…
2:51:12 PM [express] GET /api/projects/2/team-members 200 in 0ms :: [{"id":5,"projectId":2,"userId":…
2:51:12 PM [express] GET /api/projects/3/team-members 200 in 0ms :: [{"id":6,"projectId":3,"userId":…
2:51:12 PM [express] GET /api/projects/1/team-members 200 in 1ms :: [{"id":1,"projectId":1,"userId":…
2:51:15 PM [express] GET /api/notifications/unread-count 304 in 1ms :: {"count":3}
2:51:15 PM [express] GET /api/notifications 304 in 1ms :: [{"id":1,"userId":1,"organizationId":1,"ty…
2:51:15 PM [express] GET /api/stats 304 in 1ms :: {"activeProjects":3,"totalClients":3,"monthlyReven…
2:51:15 PM [express] GET /api/clients 304 in 0ms :: [{"id":1,"name":"Sarah Chen","email":"sarah@tech…
2:51:15 PM [express] GET /api/projects 304 in 1ms :: [{"id":1,"title":"E-commerce Platform","descrip…
2:51:15 PM [express] GET /api/activities 304 in 0ms :: [{"id":1,"type":"milestone_completed","title"…
2:51:15 PM [express] GET /api/projects/2/team-members 304 in 1ms :: [{"id":5,"projectId":2,"userId":…
2:51:15 PM [express] GET /api/projects/3/team-members 304 in 1ms :: [{"id":6,"projectId":3,"userId":…
2:51:15 PM [express] GET /api/projects/1/team-members 304 in 0ms :: [{"id":1,"projectId":1,"userId":…
2:51:24 PM [express] GET /api/team/members 200 in 1ms :: [{"id":1,"supabaseId":"00000000-0000-0000-0…
2:51:27 PM [express] GET /api/projects 200 in 1ms :: [{"id":1,"title":"E-commerce Platform","descrip…
2:53:12 PM [vite] hmr update /src/components/create-project-modal.tsx, /src/index.css?v=PIAmMRDo9wTcQUH5_Yno3
2:53:20 PM [vite] hmr update /src/components/create-project-modal.tsx, /src/index.css?v=PIAmMRDo9wTcQUH5_Yno3
2:53:33 PM [vite] hmr update /src/components/create-project-modal.tsx, /src/index.css?v=PIAmMRDo9wTcQUH5_Yno3
2:56:03 PM [vite] hmr update /src/components/create-project-modal.tsx, /src/index.css?v=PIAmMRDo9wTcQUH5_Yno3
2:56:34 PM [express] GET /api/clients 200 in 1ms :: [{"id":1,"name":"Sarah Chen","email":"sarah@tech…
2:57:33 PM [vite] hmr update /src/components/create-project-modal.tsx, /src/index.css?v=PIAmMRDo9wTcQUH5_Yno3
3:52:48 PM [express] GET /api/notifications 304 in 0ms :: [{"id":1,"userId":1,"organizationId":1,"ty…
3:52:48 PM [express] GET /api/notifications/unread-count 304 in 1ms :: {"count":3}
3:52:48 PM [express] GET /api/clients 304 in 0ms :: [{"id":1,"name":"Sarah Chen","email":"sarah@tech…
3:52:48 PM [express] GET /api/stats 304 in 0ms :: {"activeProjects":3,"totalClients":3,"monthlyReven…
3:52:48 PM [express] GET /api/projects 304 in 1ms :: [{"id":1,"title":"E-commerce Platform","descrip…
3:52:48 PM [express] GET /api/activities 304 in 0ms :: [{"id":1,"type":"milestone_completed","title"…
3:52:48 PM [express] GET /api/projects/2/team-members 304 in 0ms :: [{"id":5,"projectId":2,"userId":…
3:52:48 PM [express] GET /api/projects/3/team-members 304 in 0ms :: [{"id":6,"projectId":3,"userId":…
3:52:48 PM [express] GET /api/projects/1/team-members 304 in 0ms :: [{"id":1,"projectId":1,"userId":…
3:53:00 PM [express] POST /api/projects 201 in 1ms :: {"title":"Test Project","description":"A test …
3:53:18 PM [express] GET /api/notifications 304 in 1ms :: [{"id":1,"userId":1,"organizationId":1,"ty…
3:53:18 PM [express] GET /api/notifications/unread-count 304 in 1ms :: {"count":3}
3:53:49 PM [express] GET /api/notifications 304 in 1ms :: [{"id":1,"userId":1,"organizationId":1,"ty…
3:53:49 PM [express] GET /api/notifications/unread-count 304 in 0ms :: {"count":3}
3:54:19 PM [express] GET /api/notifications/unread-count 304 in 1ms :: {"count":3}
3:54:19 PM [express] GET /api/notifications 304 in 0ms :: [{"id":1,"userId":1,"organizationId":1,"ty…
3:54:49 PM [express] GET /api/notifications 304 in 1ms :: [{"id":1,"userId":1,"organizationId":1,"ty…
3:54:49 PM [express] GET /api/notifications/unread-count 304 in 0ms :: {"count":3}
3:55:19 PM [express] GET /api/notifications 304 in 1ms :: [{"id":1,"userId":1,"organizationId":1,"ty…
3:55:19 PM [express] GET /api/notifications/unread-count 304 in 0ms :: {"count":3}
3:55:49 PM [express] GET /api/notifications 304 in 1ms :: [{"id":1,"userId":1,"organizationId":1,"ty…
3:55:49 PM [express] GET /api/notifications/unread-count 304 in 0ms :: {"count":3}
3:56:44 PM [express] GET /api/notifications 304 in 1ms :: [{"id":1,"userId":1,"organizationId":1,"ty…
3:56:44 PM [express] GET /api/notifications/unread-count 304 in 2ms :: {"count":3}
3:57:44 PM [express] GET /api/notifications 304 in 1ms :: [{"id":1,"userId":1,"organizationId":1,"ty…
3:57:44 PM [express] GET /api/notifications/unread-count 304 in 0ms :: {"count":3}
3:58:44 PM [express] GET /api/notifications/unread-count 304 in 1ms :: {"count":3}
3:58:44 PM [express] GET /api/notifications 304 in 1ms :: [{"id":1,"userId":1,"organizationId":1,"ty…
3:59:44 PM [express] GET /api/notifications 304 in 5ms :: [{"id":1,"userId":1,"organizationId":1,"ty…
3:59:44 PM [express] GET /api/notifications/unread-count 304 in 3ms :: {"count":3}
4:00:44 PM [express] GET /api/notifications 304 in 4ms :: [{"id":1,"userId":1,"organizationId":1,"ty…
4:00:44 PM [express] GET /api/notifications/unread-count 304 in 0ms :: {"count":3}
4:01:44 PM [express] GET /api/notifications 304 in 2ms :: [{"id":1,"userId":1,"organizationId":1,"ty…
4:01:44 PM [express] GET /api/notifications/unread-count 304 in 0ms :: {"count":3}
4:02:44 PM [express] GET /api/notifications 304 in 6ms :: [{"id":1,"userId":1,"organizationId":1,"ty…
4:02:44 PM [express] GET /api/notifications/unread-count 304 in 1ms :: {"count":3}
4:03:44 PM [express] GET /api/notifications 304 in 0ms :: [{"id":1,"userId":1,"organizationId":1,"ty…
4:03:44 PM [express] GET /api/notifications/unread-count 304 in 0ms :: {"count":3}
4:04:44 PM [express] GET /api/notifications 304 in 0ms :: [{"id":1,"userId":1,"organizationId":1,"ty…
4:04:44 PM [express] GET /api/notifications/unread-count 304 in 0ms :: {"count":3}
4:05:44 PM [express] GET /api/notifications 304 in 1ms :: [{"id":1,"userId":1,"organizationId":1,"ty…
4:05:44 PM [express] GET /api/notifications/unread-count 304 in 0ms :: {"count":3}
4:06:44 PM [express] GET /api/notifications 304 in 1ms :: [{"id":1,"userId":1,"organizationId":1,"ty…
4:06:44 PM [express] GET /api/notifications/unread-count 304 in 0ms :: {"count":3}
4:07:44 PM [express] GET /api/notifications 304 in 1ms :: [{"id":1,"userId":1,"organizationId":1,"ty…
4:07:44 PM [express] GET /api/notifications/unread-count 304 in 0ms :: {"count":3}
4:08:44 PM [express] GET /api/notifications 304 in 1ms :: [{"id":1,"userId":1,"organizationId":1,"ty…
4:08:44 PM [express] GET /api/notifications/unread-count 304 in 1ms :: {"count":3}
4:08:55 PM [express] GET /api/notifications 304 in 23ms :: [{"id":1,"userId":1,"organizationId":1,"t…
4:08:55 PM [express] GET /api/notifications/unread-count 304 in 0ms :: {"count":3}
4:08:57 PM [express] GET /api/notifications 304 in 1ms :: [{"id":1,"userId":1,"organizationId":1,"ty…
4:08:57 PM [express] GET /api/stats 200 in 0ms :: {"activeProjects":4,"totalClients":3,"monthlyReven…
4:08:57 PM [express] GET /api/notifications/unread-count 304 in 0ms :: {"count":3}
4:08:57 PM [express] GET /api/clients 304 in 0ms :: [{"id":1,"name":"Sarah Chen","email":"sarah@tech…
4:08:57 PM [express] GET /api/projects 200 in 0ms :: [{"id":1,"title":"E-commerce Platform","descrip…
4:08:57 PM [express] GET /api/activities 304 in 0ms :: [{"id":1,"type":"milestone_completed","title"…
4:08:57 PM [express] GET /api/projects/4/team-members 200 in 0ms :: []
4:08:57 PM [express] GET /api/projects/2/team-members 304 in 0ms :: [{"id":5,"projectId":2,"userId":…
4:08:57 PM [express] GET /api/projects/3/team-members 304 in 0ms :: [{"id":6,"projectId":3,"userId":…
4:08:57 PM [express] GET /api/projects/1/team-members 304 in 0ms :: [{"id":1,"projectId":1,"userId":…
4:08:59 PM [express] GET /api/projects 200 in 1ms :: [{"id":1,"title":"E-commerce Platform","descrip…
4:09:25 PM [express] POST /api/projects 201 in 2ms :: {"title":"vfsgfg","description":"fdsfcds","cli…
4:09:25 PM [express] GET /api/projects 200 in 1ms :: [{"id":1,"title":"E-commerce Platform","descrip…
4:09:25 PM [express] GET /api/assets 200 in 2ms :: []
4:09:25 PM [express] GET /api/projects/5 200 in 1ms :: {"title":"vfsgfg","description":"fdsfcds","cl…
4:09:32 PM [express] GET /api/projects/5/onboarding-form 404 in 1ms :: {"error":"No onboarding form …
4:09:35 PM [express] GET /api/projects/5/onboarding-form 404 in 0ms :: {"error":"No onboarding form …
4:09:37 PM [express] GET /api/projects/5/team-members 200 in 1ms :: []
4:09:40 PM [express] GET /api/billing/1 200 in 1ms :: {"id":1,"name":"Funnel Portals Agency","slug":…
4:09:49 PM [express] GET /api/team/members 304 in 1ms :: [{"id":1,"supabaseId":"00000000-0000-0000-0…
4:09:58 PM [express] GET /api/users 200 in 1ms :: [{"id":1,"supabaseId":"00000000-0000-0000-0000-000…
4:09:58 PM [express] GET /api/projects 200 in 0ms :: [{"id":1,"title":"E-commerce Platform","descrip…
4:09:58 PM [express] GET /api/projects/1/team-members 304 in 2ms :: [{"id":1,"projectId":1,"userId":…
4:09:58 PM [express] GET /api/projects/2/team-members 304 in 2ms :: [{"id":5,"projectId":2,"userId":…
4:09:58 PM [express] GET /api/projects/3/team-members 304 in 1ms :: [{"id":6,"projectId":3,"userId":…
4:09:58 PM [express] GET /api/projects/4/team-members 304 in 0ms :: []
4:09:58 PM [express] GET /api/projects/5/team-members 304 in 0ms :: []
4:12:00 PM [vite] hmr update /src/pages/team.tsx, /src/index.css?v=PIAmMRDo9wTcQUH5_Yno3
4:12:12 PM [vite] hmr update /src/pages/team.tsx, /src/index.css?v=PIAmMRDo9wTcQUH5_Yno3
4:12:24 PM [vite] hmr update /src/pages/team.tsx, /src/index.css?v=PIAmMRDo9wTcQUH5_Yno3
4:12:36 PM [express] GET /api/billing/1 304 in 2ms :: {"id":1,"name":"Funnel Portals Agency","slug":…
4:12:38 PM [vite] hmr update /src/hooks/useTeam.tsx, /src/index.css?v=PIAmMRDo9wTcQUH5_Yno3
4:12:49 PM [vite] hmr update /src/hooks/useTeam.tsx, /src/index.css?v=PIAmMRDo9wTcQUH5_Yno3
4:13:10 PM [vite] hmr update /src/pages/billing-fixed.tsx, /src/index.css?v=PIAmMRDo9wTcQUH5_Yno3
4:13:20 PM [vite] hmr update /src/pages/billing-fixed.tsx, /src/index.css?v=PIAmMRDo9wTcQUH5_Yno3
4:15:23 PM [vite] hmr update /src/pages/team.tsx, /src/index.css?v=PIAmMRDo9wTcQUH5_Yno3
4:15:30 PM [vite] hmr update /src/pages/team.tsx, /src/index.css?v=PIAmMRDo9wTcQUH5_Yno3
4:15:37 PM [vite] hmr update /src/pages/team.tsx, /src/index.css?v=PIAmMRDo9wTcQUH5_Yno3
4:15:45 PM [express] GET /api/clients 304 in 4ms :: [{"id":1,"name":"Sarah Chen","email":"sarah@tech…
4:15:45 PM [express] GET /api/messages/conversations 200 in 3ms :: [{"projectId":3,"projectName":"Fi…
4:15:45 PM [express] GET /api/messages/client-conversations 200 in 2ms :: [{"clientId":1,"clientName…
4:15:45 PM [express] GET /api/team/members 304 in 0ms :: [{"id":1,"supabaseId":"00000000-0000-0000-0…
4:15:45 PM [express] GET /api/messages/team-conversations 200 in 53ms :: [{"userId":1,"userName":"Al…
4:15:47 PM [vite] hmr update /src/pages/team.tsx, /src/index.css?v=PIAmMRDo9wTcQUH5_Yno3
4:15:52 PM [express] GET /api/support/tickets/1 200 in 1ms :: [{"id":1,"organizationId":1,"userId":1…
4:15:54 PM [express] GET /api/messages/conversations 304 in 1ms :: [{"projectId":3,"projectName":"Fi…
4:15:54 PM [express] GET /api/messages/client-conversations 304 in 0ms :: [{"clientId":1,"clientName…
4:15:54 PM [express] GET /api/messages/team-conversations 304 in 1ms :: [{"userId":1,"userName":"Ale…
4:15:55 PM [express] GET /api/team/members 304 in 0ms :: [{"id":1,"supabaseId":"00000000-0000-0000-0…
4:16:02 PM [express] GET /api/users 304 in 0ms :: [{"id":1,"supabaseId":"00000000-0000-0000-0000-000…
4:16:02 PM [express] GET /api/projects 304 in 1ms :: [{"id":1,"title":"E-commerce Platform","descrip…
4:16:02 PM [express] GET /api/projects/1/team-members 304 in 0ms :: [{"id":1,"projectId":1,"userId":…
4:16:02 PM [express] GET /api/projects/2/team-members 304 in 1ms :: [{"id":5,"projectId":2,"userId":…
4:16:02 PM [express] GET /api/projects/3/team-members 304 in 1ms :: [{"id":6,"projectId":3,"userId":…
4:16:02 PM [express] GET /api/projects/4/team-members 304 in 2ms :: []
4:16:02 PM [express] GET /api/projects/5/team-members 304 in 0ms :: []
4:16:03 PM [vite] hmr update /src/pages/team.tsx, /src/index.css?v=PIAmMRDo9wTcQUH5_Yno3
4:16:09 PM [vite] hmr update /src/pages/team.tsx, /src/index.css?v=PIAmMRDo9wTcQUH5_Yno3
4:16:59 PM [vite] hmr update /src/pages/team.tsx, /src/index.css?v=PIAmMRDo9wTcQUH5_Yno3
4:17:08 PM [vite] hmr update /src/pages/team.tsx, /src/index.css?v=PIAmMRDo9wTcQUH5_Yno3
4:17:20 PM [vite] hmr update /src/pages/team.tsx, /src/index.css?v=PIAmMRDo9wTcQUH5_Yno3
4:18:04 PM [vite] hmr update /src/pages/billing-fixed.tsx, /src/index.css?v=PIAmMRDo9wTcQUH5_Yno3
4:18:44 PM [vite] hmr update /src/components/create-project-modal.tsx, /src/index.css?v=PIAmMRDo9wTcQUH5_Yno3
4:18:55 PM [vite] hmr update /src/components/create-project-modal.tsx, /src/index.css?v=PIAmMRDo9wTcQUH5_Yno3
4:19:07 PM [vite] hmr update /src/components/create-project-modal.tsx, /src/index.css?v=PIAmMRDo9wTcQUH5_Yno3
4:19:13 PM [express] GET /api/projects 304 in 2ms :: [{"id":1,"title":"E-commerce Platform","descrip…
4:19:13 PM [express] GET /api/projects/3/team-members 304 in 2ms :: [{"id":6,"projectId":3,"userId":…
4:19:13 PM [express] GET /api/projects/5/team-members 304 in 1ms :: []
4:19:13 PM [express] GET /api/projects/1/team-members 304 in 5ms :: [{"id":1,"projectId":1,"userId":…
4:19:13 PM [express] GET /api/projects/2/team-members 304 in 6ms :: [{"id":5,"projectId":2,"userId":…
4:19:13 PM [express] GET /api/projects/4/team-members 304 in 0ms :: []
4:19:17 PM [vite] hmr update /src/components/create-project-modal.tsx, /src/index.css?v=PIAmMRDo9wTcQUH5_Yno3
4:19:26 PM [vite] hmr update /src/components/create-project-modal.tsx, /src/index.css?v=PIAmMRDo9wTcQUH5_Yno3
4:19:34 PM [vite] hmr update /src/components/create-project-modal.tsx, /src/index.css?v=PIAmMRDo9wTcQUH5_Yno3
4:19:51 PM [vite] hmr update /src/pages/admin.tsx, /src/index.css?v=PIAmMRDo9wTcQUH5_Yno3
4:19:57 PM [vite] hmr update /src/pages/projects.tsx, /src/index.css?v=PIAmMRDo9wTcQUH5_Yno3
4:20:12 PM [vite] hmr update /src/pages/projects.tsx, /src/index.css?v=PIAmMRDo9wTcQUH5_Yno3
4:20:19 PM [vite] hmr update /src/pages/projects.tsx, /src/index.css?v=PIAmMRDo9wTcQUH5_Yno3
4:20:26 PM [vite] hmr update /src/pages/projects.tsx, /src/index.css?v=PIAmMRDo9wTcQUH5_Yno3
4:20:51 PM [vite] hmr update /src/components/project-assignment-matrix.tsx, /src/index.css?v=PIAmMRDo9wTcQUH5_Yno3
4:21:01 PM [vite] hmr update /src/components/project-assignment-matrix.tsx, /src/index.css?v=PIAmMRDo9wTcQUH5_Yno3
4:21:15 PM [vite] hmr update /src/components/project-assignment-matrix.tsx, /src/index.css?v=PIAmMRDo9wTcQUH5_Yno3
4:21:26 PM [vite] hmr update /src/components/project-assignment-matrix.tsx, /src/index.css?v=PIAmMRDo9wTcQUH5_Yno3
4:21:38 PM [vite] hmr update /src/components/project-assignment-matrix.tsx, /src/index.css?v=PIAmMRDo9wTcQUH5_Yno3
4:22:09 PM [express] GET /api/projects/count 404 in 1ms :: {"error":"Project not found"}
4:22:09 PM [express] GET /api/projects 200 in 0ms :: [{"id":1,"title":"E-commerce Platform","descrip…
4:22:09 PM [express] GET /api/notifications 304 in 0ms :: [{"id":1,"userId":1,"organizationId":1,"ty…
4:22:09 PM [express] GET /api/notifications/unread-count 304 in 0ms :: {"count":3}
4:22:09 PM [express] GET /api/clients 304 in 0ms :: [{"id":1,"name":"Sarah Chen","email":"sarah@tech…
4:22:09 PM [express] GET /api/billing/1 304 in 1ms :: {"id":1,"name":"Funnel Portals Agency","slug":…
4:22:09 PM [express] GET /api/stats 200 in 0ms :: {"activeProjects":5,"totalClients":3,"monthlyReven…
4:22:09 PM [express] GET /api/activities 304 in 0ms :: [{"id":1,"type":"milestone_completed","title"…
4:22:09 PM [express] GET /api/projects/5/team-members 304 in 6ms :: []
4:22:09 PM [express] GET /api/projects/4/team-members 304 in 1ms :: []
4:22:09 PM [express] GET /api/projects/2/team-members 304 in 3ms :: [{"id":5,"projectId":2,"userId":…
4:22:09 PM [express] GET /api/projects/3/team-members 304 in 0ms :: [{"id":6,"projectId":3,"userId":…
4:22:09 PM [express] GET /api/projects/1/team-members 304 in 1ms :: [{"id":1,"projectId":1,"userId":…
4:22:12 PM [express] GET /api/team/members 304 in 1ms :: [{"id":1,"supabaseId":"00000000-0000-0000-0…
4:22:21 PM [express] GET /api/users 304 in 0ms :: [{"id":1,"supabaseId":"00000000-0000-0000-0000-000…
4:22:21 PM [express] GET /api/projects 304 in 0ms :: [{"id":1,"title":"E-commerce Platform","descrip…
4:22:21 PM [express] GET /api/projects/1/team-members 304 in 1ms :: [{"id":1,"projectId":1,"userId":…
4:22:21 PM [express] GET /api/projects/2/team-members 304 in 3ms :: [{"id":5,"projectId":2,"userId":…
4:22:21 PM [express] GET /api/projects/3/team-members 304 in 1ms :: [{"id":6,"projectId":3,"userId":…
4:22:21 PM [express] GET /api/projects/4/team-members 304 in 1ms :: []
4:22:21 PM [express] GET /api/projects/5/team-members 304 in 2ms :: []
4:25:46 PM [express] GET /api/notifications/unread-count 304 in 1ms :: {"count":3}
4:25:46 PM [express] GET /api/projects 304 in 1ms :: [{"id":1,"title":"E-commerce Platform","descrip…
4:25:46 PM [express] GET /api/notifications 304 in 0ms :: [{"id":1,"userId":1,"organizationId":1,"ty…
4:25:46 PM [express] GET /api/projects/count 404 in 0ms :: {"error":"Project not found"}
4:25:46 PM [express] GET /api/clients 304 in 0ms :: [{"id":1,"name":"Sarah Chen","email":"sarah@tech…
4:25:46 PM [express] GET /api/billing/1 304 in 0ms :: {"id":1,"name":"Funnel Portals Agency","slug":…
4:25:46 PM [express] GET /api/stats 304 in 0ms :: {"activeProjects":5,"totalClients":3,"monthlyReven…
4:25:46 PM [express] GET /api/activities 304 in 0ms :: [{"id":1,"type":"milestone_completed","title"…
4:25:46 PM [express] GET /api/projects/5/team-members 304 in 0ms :: []
4:25:46 PM [express] GET /api/projects/4/team-members 304 in 3ms :: []
4:25:46 PM [express] GET /api/projects/2/team-members 304 in 3ms :: [{"id":5,"projectId":2,"userId":…
4:25:46 PM [express] GET /api/projects/3/team-members 304 in 1ms :: [{"id":6,"projectId":3,"userId":…
4:25:46 PM [express] GET /api/projects/1/team-members 304 in 1ms :: [{"id":1,"projectId":1,"userId":…
4:25:53 PM [express] GET /api/projects/count 404 in 0ms :: {"error":"Project not found"}
4:25:53 PM [express] GET /api/projects 304 in 0ms :: [{"id":1,"title":"E-commerce Platform","descrip…
4:25:53 PM [express] GET /api/notifications/unread-count 304 in 0ms :: {"count":3}
4:25:53 PM [express] GET /api/clients 304 in 0ms :: [{"id":1,"name":"Sarah Chen","email":"sarah@tech…
4:25:53 PM [express] GET /api/billing/1 304 in 1ms :: {"id":1,"name":"Funnel Portals Agency","slug":…
4:25:53 PM [express] GET /api/notifications 304 in 0ms :: [{"id":1,"userId":1,"organizationId":1,"ty…
4:25:53 PM [express] GET /api/stats 304 in 0ms :: {"activeProjects":5,"totalClients":3,"monthlyReven…
4:25:53 PM [express] GET /api/activities 304 in 0ms :: [{"id":1,"type":"milestone_completed","title"…
4:25:53 PM [express] GET /api/projects/5/team-members 304 in 0ms :: []
4:25:53 PM [express] GET /api/projects/4/team-members 304 in 0ms :: []
4:25:53 PM [express] GET /api/projects/2/team-members 304 in 1ms :: [{"id":5,"projectId":2,"userId":…
4:25:53 PM [express] GET /api/projects/3/team-members 304 in 1ms :: [{"id":6,"projectId":3,"userId":…
4:25:53 PM [express] GET /api/projects/1/team-members 304 in 1ms :: [{"id":1,"projectId":1,"userId":…
4:26:05 PM [express] GET /api/team/members 304 in 2ms :: [{"id":1,"supabaseId":"00000000-0000-0000-0…
4:26:08 PM [vite] hmr update /src/App.tsx?v=PIAmMRDo9wTcQUH5_Yno3, /src/index.css?v=PIAmMRDo9wTcQUH5_Yno3
4:26:12 PM [express] GET /api/users 304 in 1ms :: [{"id":1,"supabaseId":"00000000-0000-0000-0000-000…
4:26:12 PM [express] GET /api/projects 304 in 1ms :: [{"id":1,"title":"E-commerce Platform","descrip…
4:26:12 PM [express] GET /api/projects/1/team-members 304 in 1ms :: [{"id":1,"projectId":1,"userId":…
4:26:12 PM [express] GET /api/projects/2/team-members 304 in 1ms :: [{"id":5,"projectId":2,"userId":…
4:26:12 PM [express] GET /api/projects/3/team-members 304 in 1ms :: [{"id":6,"projectId":3,"userId":…
4:26:12 PM [express] GET /api/projects/4/team-members 304 in 0ms :: []
4:26:12 PM [express] GET /api/projects/5/team-members 304 in 2ms :: []
4:26:16 PM [express] GET /api/support/tickets/1 304 in 2ms :: [{"id":1,"organizationId":1,"userId":1…
4:26:18 PM [express] GET /api/team/members 304 in 2ms :: [{"id":1,"supabaseId":"00000000-0000-0000-0…
4:26:19 PM [express] GET /api/billing/1 304 in 1ms :: {"id":1,"name":"Funnel Portals Agency","slug":…
4:26:19 PM [express] GET /api/team/members 304 in 1ms :: [{"id":1,"supabaseId":"00000000-0000-0000-0…
4:26:19 PM [express] GET /api/messages/conversations 304 in 2ms :: [{"projectId":3,"projectName":"Fi…
4:26:19 PM [express] GET /api/messages/client-conversations 304 in 1ms :: [{"clientId":1,"clientName…
4:26:19 PM [express] GET /api/messages/team-conversations 304 in 1ms :: [{"userId":1,"userName":"Ale…
4:26:21 PM [express] GET /api/billing/1 304 in 3ms :: {"id":1,"name":"Funnel Portals Agency","slug":…
4:26:25 PM [vite] hmr update /src/App.tsx?v=PIAmMRDo9wTcQUH5_Yno3, /src/index.css?v=PIAmMRDo9wTcQUH5_Yno3
4:26:43 PM [vite] hmr update /src/pages/projects.tsx, /src/index.css?v=PIAmMRDo9wTcQUH5_Yno3
4:26:50 PM [vite] hmr update /src/pages/projects.tsx, /src/index.css?v=PIAmMRDo9wTcQUH5_Yno3
4:26:59 PM [vite] hmr update /src/pages/projects.tsx, /src/index.css?v=PIAmMRDo9wTcQUH5_Yno3
4:26:59 PM [vite] hmr update /src/components/sidebar.tsx, /src/index.css?v=PIAmMRDo9wTcQUH5_Yno3
4:27:08 PM [vite] hmr update /src/components/sidebar.tsx, /src/index.css?v=PIAmMRDo9wTcQUH5_Yno3
4:27:19 PM [vite] hmr update /src/components/sidebar.tsx, /src/index.css?v=PIAmMRDo9wTcQUH5_Yno3
4:27:22 PM [vite] hmr update /src/pages/projects.tsx, /src/index.css?v=PIAmMRDo9wTcQUH5_Yno3
4:27:32 PM [vite] hmr update /src/pages/projects.tsx, /src/index.css?v=PIAmMRDo9wTcQUH5_Yno3
4:27:38 PM [vite] hmr update /src/hooks/useAuth-mock.tsx, /src/index.css?v=PIAmMRDo9wTcQUH5_Yno3
4:27:45 PM [vite] hmr update /src/pages/team.tsx, /src/index.css?v=PIAmMRDo9wTcQUH5_Yno3
4:27:49 PM [vite] hmr update /src/hooks/useAuth-mock.tsx, /src/index.css?v=PIAmMRDo9wTcQUH5_Yno3
4:28:05 PM [vite] hmr update /src/pages/team.tsx, /src/index.css?v=PIAmMRDo9wTcQUH5_Yno3
4:28:12 PM [vite] hmr update /src/hooks/useAuth-mock.tsx, /src/index.css?v=PIAmMRDo9wTcQUH5_Yno3
4:28:30 PM [vite] hmr update /src/pages/team.tsx, /src/index.css?v=PIAmMRDo9wTcQUH5_Yno3
4:28:41 PM [vite] hmr update /src/pages/team.tsx, /src/index.css?v=PIAmMRDo9wTcQUH5_Yno3
4:28:56 PM [vite] hmr update /src/pages/team.tsx, /src/index.css?v=PIAmMRDo9wTcQUH5_Yno3
4:29:11 PM [vite] hmr update /src/pages/team.tsx, /src/index.css?v=PIAmMRDo9wTcQUH5_Yno3
4:29:20 PM [vite] hmr update /src/components/create-project-modal.tsx, /src/index.css?v=PIAmMRDo9wTcQUH5_Yno3
4:29:34 PM [vite] hmr update /src/components/create-project-modal.tsx, /src/index.css?v=PIAmMRDo9wTcQUH5_Yno3
4:30:10 PM [vite] hmr update /src/hooks/useAuth.tsx, /src/index.css?v=PIAmMRDo9wTcQUH5_Yno3
4:30:21 PM [vite] hmr update /src/hooks/useAuth.tsx, /src/index.css?v=PIAmMRDo9wTcQUH5_Yno3
4:30:38 PM [vite] hmr update /src/hooks/useAuth.tsx, /src/index.css?v=PIAmMRDo9wTcQUH5_Yno3
4:30:45 PM [vite] hmr update /src/hooks/useAuth.tsx, /src/index.css?v=PIAmMRDo9wTcQUH5_Yno3
4:30:45 PM [vite] hmr update /src/hooks/useAuth.tsx, /src/index.css?v=PIAmMRDo9wTcQUH5_Yno3
4:30:54 PM [vite] hmr update /src/components/sidebar.tsx, /src/index.css?v=PIAmMRDo9wTcQUH5_Yno3
4:31:01 PM [vite] hmr update /src/components/sidebar.tsx, /src/index.css?v=PIAmMRDo9wTcQUH5_Yno3
4:31:09 PM [vite] hmr update /src/components/sidebar.tsx, /src/index.css?v=PIAmMRDo9wTcQUH5_Yno3
4:31:10 PM [vite] hmr update /src/hooks/useAuth.tsx, /src/index.css?v=PIAmMRDo9wTcQUH5_Yno3
4:31:36 PM [vite] hmr update /src/components/create-project-modal.tsx, /src/index.css?v=PIAmMRDo9wTcQUH5_Yno3
4:31:41 PM [vite] hmr update /src/components/create-project-modal.tsx, /src/index.css?v=PIAmMRDo9wTcQUH5_Yno3
4:31:47 PM [vite] hmr update /src/components/create-project-modal.tsx, /src/index.css?v=PIAmMRDo9wTcQUH5_Yno3
4:31:53 PM [vite] hmr update /src/components/create-project-modal.tsx, /src/index.css?v=PIAmMRDo9wTcQUH5_Yno3
4:31:56 PM [vite] hmr update /src/components/sidebar.tsx, /src/index.css?v=PIAmMRDo9wTcQUH5_Yno3
4:32:10 PM [vite] hmr update /src/pages/team.tsx, /src/index.css?v=PIAmMRDo9wTcQUH5_Yno3
4:32:16 PM [vite] hmr update /src/components/create-project-modal.tsx, /src/index.css?v=PIAmMRDo9wTcQUH5_Yno3
4:32:20 PM [vite] hmr update /src/pages/team.tsx, /src/index.css?v=PIAmMRDo9wTcQUH5_Yno3
4:33:36 PM [vite] hmr update /src/components/create-project-modal.tsx, /src/index.css?v=PIAmMRDo9wTcQUH5_Yno3
4:33:49 PM [vite] hmr update /src/components/create-project-modal.tsx, /src/index.css?v=PIAmMRDo9wTcQUH5_Yno3
4:34:30 PM [express] GET /api/organizations/1 200 in 8ms
4:37:13 PM [express] GET /api/projects 200 in 1ms :: [{"id":1,"title":"E-commerce Platform","descrip…
4:37:13 PM [express] GET /api/billing/1 304 in 0ms :: {"id":1,"name":"Funnel Portals Agency","slug":…
4:37:13 PM [express] GET /api/organizations/1 200 in 3ms
4:37:13 PM [express] GET /api/projects/5/team-members 304 in 1ms :: []
4:37:13 PM [express] GET /api/projects/2/team-members 304 in 1ms :: [{"id":5,"projectId":2,"userId":…
4:37:13 PM [express] GET /api/projects/3/team-members 304 in 0ms :: [{"id":6,"projectId":3,"userId":…
4:37:13 PM [express] GET /api/projects/1/team-members 304 in 0ms :: [{"id":1,"projectId":1,"userId":…
4:37:13 PM [express] GET /api/projects/4/team-members 304 in 0ms :: []
4:38:23 PM [express] GET /api/activities 304 in 1ms :: [{"id":1,"type":"milestone_completed","title"…
4:38:23 PM [express] GET /api/projects 304 in 0ms :: [{"id":1,"title":"E-commerce Platform","descrip…
4:38:23 PM [express] GET /api/organizations/1 200 in 11ms
4:38:23 PM [express] GET /api/projects/1/team-members 304 in 1ms :: [{"id":1,"projectId":1,"userId":…
4:38:23 PM [express] GET /api/projects/2/team-members 304 in 0ms :: [{"id":5,"projectId":2,"userId":…
4:38:23 PM [express] GET /api/projects/3/team-members 304 in 1ms :: [{"id":6,"projectId":3,"userId":…
4:38:32 PM [express] GET /api/projects 304 in 1ms :: [{"id":1,"title":"E-commerce Platform","descrip…
4:38:32 PM [express] GET /api/billing/1 304 in 1ms :: {"id":1,"name":"Funnel Portals Agency","slug":…
4:38:32 PM [express] GET /api/organizations/1 200 in 6ms
4:38:32 PM [express] GET /api/projects/1/team-members 304 in 0ms :: [{"id":1,"projectId":1,"userId":…
4:38:32 PM [express] GET /api/projects/2/team-members 304 in 0ms :: [{"id":5,"projectId":2,"userId":…
4:38:32 PM [express] GET /api/projects/3/team-members 304 in 1ms :: [{"id":6,"projectId":3,"userId":…
4:38:32 PM [express] GET /api/projects/4/team-members 304 in 0ms :: []
4:38:32 PM [express] GET /api/projects/5/team-members 304 in 1ms :: []
4:38:37 PM [vite] hmr update /src/components/create-project-modal.tsx, /src/index.css?v=PIAmMRDo9wTcQUH5_Yno3
4:38:51 PM [express] GET /api/organizations/1 200 in 5ms
4:39:41 PM [vite] hmr update /src/pages/team.tsx, /src/index.css?v=PIAmMRDo9wTcQUH5_Yno3
4:39:46 PM [express] GET /api/projects 304 in 0ms :: [{"id":1,"title":"E-commerce Platform","descrip…
4:39:46 PM [express] GET /api/billing/1 304 in 0ms :: {"id":1,"name":"Funnel Portals Agency","slug":…
4:39:46 PM [express] GET /api/organizations/1 200 in 4ms
4:39:46 PM [express] GET /api/projects/2/team-members 304 in 0ms :: [{"id":5,"projectId":2,"userId":…
4:39:46 PM [express] GET /api/projects/3/team-members 304 in 0ms :: [{"id":6,"projectId":3,"userId":…
4:39:46 PM [express] GET /api/projects/1/team-members 304 in 0ms :: [{"id":1,"projectId":1,"userId":…
4:39:46 PM [express] GET /api/projects/5/team-members 304 in 1ms :: []
4:39:46 PM [express] GET /api/projects/4/team-members 304 in 1ms :: []
4:39:48 PM [express] GET /api/projects 304 in 0ms :: [{"id":1,"title":"E-commerce Platform","descrip…
4:39:48 PM [express] GET /api/billing/1 304 in 0ms :: {"id":1,"name":"Funnel Portals Agency","slug":…
4:39:48 PM [express] GET /api/organizations/1 200 in 3ms
4:39:48 PM [express] GET /api/projects/1/team-members 304 in 0ms :: [{"id":1,"projectId":1,"userId":…
4:39:48 PM [express] GET /api/projects/3/team-members 304 in 0ms :: [{"id":6,"projectId":3,"userId":…
4:39:48 PM [express] GET /api/projects/4/team-members 304 in 0ms :: []
4:39:48 PM [express] GET /api/projects/2/team-members 304 in 1ms :: [{"id":5,"projectId":2,"userId":…
4:39:48 PM [express] GET /api/projects/5/team-members 304 in 1ms :: []
4:40:05 PM [vite] hmr update /src/pages/team.tsx, /src/index.css?v=PIAmMRDo9wTcQUH5_Yno3
4:40:15 PM [vite] hmr update /src/pages/team.tsx, /src/index.css?v=PIAmMRDo9wTcQUH5_Yno3
4:40:22 PM [vite] hmr update /src/pages/team.tsx, /src/index.css?v=PIAmMRDo9wTcQUH5_Yno3
4:40:30 PM [vite] hmr update /src/pages/team.tsx, /src/index.css?v=PIAmMRDo9wTcQUH5_Yno3
4:41:10 PM [vite] hmr update /src/components/create-project-modal.tsx, /src/index.css?v=PIAmMRDo9wTcQUH5_Yno3
4:41:15 PM [vite] hmr update /src/components/create-project-modal.tsx, /src/index.css?v=PIAmMRDo9wTcQUH5_Yno3
4:41:30 PM [vite] hmr update /src/components/create-project-modal.tsx, /src/index.css?v=PIAmMRDo9wTcQUH5_Yno3
4:41:37 PM [vite] hmr update /src/pages/team.tsx, /src/index.css?v=PIAmMRDo9wTcQUH5_Yno3
4:41:38 PM [vite] hmr update /src/components/create-project-modal.tsx, /src/index.css?v=PIAmMRDo9wTcQUH5_Yno3
4:42:53 PM [vite] hmr update /src/components/create-project-modal.tsx, /src/index.css?v=PIAmMRDo9wTcQUH5_Yno3
4:43:03 PM [vite] hmr update /src/components/create-project-modal.tsx, /src/index.css?v=PIAmMRDo9wTcQUH5_Yno3
4:43:17 PM [vite] hmr update /src/components/create-project-modal.tsx, /src/index.css?v=PIAmMRDo9wTcQUH5_Yno3
4:43:29 PM [vite] hmr update /src/components/create-project-modal.tsx, /src/index.css?v=PIAmMRDo9wTcQUH5_Yno3
4:43:34 PM [express] GET /api/projects 200 in 1ms :: [{"id":1,"title":"E-commerce Platform","descrip…
4:43:34 PM [express] GET /api/billing/1 200 in 0ms :: {"id":1,"name":"Funnel Portals Agency","slug":…
4:43:34 PM [express] GET /api/organizations/1 200 in 4ms
4:43:34 PM [express] GET /api/projects/1/team-members 200 in 0ms :: [{"id":1,"projectId":1,"userId":…
4:43:34 PM [express] GET /api/projects/2/team-members 200 in 0ms :: [{"id":5,"projectId":2,"userId":…
4:43:34 PM [express] GET /api/projects/3/team-members 200 in 1ms :: [{"id":6,"projectId":3,"userId":…
4:43:34 PM [express] GET /api/projects/4/team-members 200 in 0ms :: []
4:43:34 PM [express] GET /api/projects/5/team-members 200 in 0ms :: []
4:43:37 PM [vite] hmr update /src/components/create-project-modal.tsx, /src/index.css?v=PIAmMRDo9wTcQUH5_Yno3
4:43:44 PM [vite] hmr update /src/components/create-project-modal.tsx, /src/index.css?v=PIAmMRDo9wTcQUH5_Yno3
4:43:45 PM [express] GET /api/organizations/1 200 in 8ms
4:43:52 PM [express] GET /api/assets 200 in 1ms :: [{"id":6,"organizationId":1,"projectId":2,"name":…
4:43:52 PM [express] GET /api/assets/folders/1 200 in 1ms :: ["brand-kit","design-files","product-as…
4:43:52 PM [express] GET /api/organizations/1 200 in 9ms
4:43:54 PM [express] GET /api/team/members 200 in 1ms :: [{"id":1,"supabaseId":"00000000-0000-0000-0…
4:43:54 PM [express] GET /api/messages/conversations 200 in 1ms :: [{"projectId":3,"projectName":"Fi…
4:43:54 PM [express] GET /api/messages/team-conversations 200 in 1ms :: [{"userId":1,"userName":"Ale…
4:43:54 PM [express] GET /api/organizations/1 200 in 3ms
4:43:55 PM [vite] hmr update /src/components/create-project-modal.tsx, /src/index.css?v=PIAmMRDo9wTcQUH5_Yno3
4:43:56 PM [express] GET /api/messages/team-direct/2 200 in 2ms :: []
4:43:57 PM [express] PATCH /api/messages/team-direct/2/read 200 in 1ms :: {"success":true}
4:44:02 PM [express] GET /api/organizations/1 200 in 3ms
4:44:03 PM [express] GET /api/organizations/1 200 in 6ms
4:44:04 PM [express] GET /api/organizations/1 200 in 2ms
4:44:08 PM [express] GET /api/notifications 200 in 0ms :: [{"id":1,"userId":1,"organizationId":1,"ty…
4:44:08 PM [express] GET /api/notifications/unread-count 200 in 1ms :: {"count":3}
4:44:08 PM [express] GET /api/clients 200 in 0ms :: [{"id":1,"name":"Sarah Chen","email":"sarah@tech…
4:44:08 PM [express] GET /api/billing/1 304 in 0ms :: {"id":1,"name":"Funnel Portals Agency","slug":…
4:44:08 PM [express] GET /api/projects/count 404 in 1ms :: {"error":"Project not found"}
4:44:08 PM [express] GET /api/stats 200 in 0ms :: {"activeProjects":5,"totalClients":3,"monthlyReven…
4:44:08 PM [express] GET /api/projects 200 in 1ms :: [{"id":1,"title":"E-commerce Platform","descrip…
4:44:08 PM [express] GET /api/activities 200 in 0ms :: [{"id":1,"type":"milestone_completed","title"…
4:44:08 PM [express] GET /api/organizations/1 200 in 8ms
4:44:08 PM [express] GET /api/projects/5/team-members 304 in 0ms :: []
4:44:08 PM [express] GET /api/projects/4/team-members 304 in 0ms :: []
4:44:08 PM [express] GET /api/projects/2/team-members 304 in 0ms :: [{"id":5,"projectId":2,"userId":…
4:44:08 PM [express] GET /api/projects/3/team-members 304 in 0ms :: [{"id":6,"projectId":3,"userId":…
4:44:08 PM [express] GET /api/projects/1/team-members 304 in 0ms :: [{"id":1,"projectId":1,"userId":…
4:44:11 PM [express] GET /api/billing/1 200 in 1ms :: {"id":1,"name":"Funnel Portals Agency","slug":…
4:44:16 PM [express] GET /api/notifications 304 in 0ms :: [{"id":1,"userId":1,"organizationId":1,"ty…
4:44:16 PM [express] GET /api/notifications/unread-count 304 in 0ms :: {"count":3}
4:44:16 PM [express] GET /api/stats 304 in 0ms :: {"activeProjects":5,"totalClients":3,"monthlyReven…
4:44:16 PM [express] GET /api/projects 304 in 0ms :: [{"id":1,"title":"E-commerce Platform","descrip…
4:44:16 PM [express] GET /api/clients 304 in 0ms :: [{"id":1,"name":"Sarah Chen","email":"sarah@tech…
4:44:16 PM [express] GET /api/billing/1 304 in 1ms :: {"id":1,"name":"Funnel Portals Agency","slug":…
4:44:16 PM [express] GET /api/projects/count 404 in 0ms :: {"error":"Project not found"}
4:44:16 PM [express] GET /api/activities 304 in 0ms :: [{"id":1,"type":"milestone_completed","title"…
4:44:16 PM [express] GET /api/organizations/1 200 in 5ms
4:44:16 PM [express] GET /api/projects/5/team-members 304 in 0ms :: []
4:44:16 PM [express] GET /api/projects/4/team-members 304 in 1ms :: []
4:44:16 PM [express] GET /api/projects/2/team-members 304 in 0ms :: [{"id":5,"projectId":2,"userId":…
4:44:16 PM [express] GET /api/projects/3/team-members 304 in 0ms :: [{"id":6,"projectId":3,"userId":…
4:44:16 PM [express] GET /api/projects/1/team-members 304 in 0ms :: [{"id":1,"projectId":1,"userId":…
4:44:18 PM [express] GET /api/projects/count 404 in 1ms :: {"error":"Project not found"}
4:44:23 PM [express] GET /api/billing/1 304 in 1ms :: {"id":1,"name":"Funnel Portals Agency","slug":…
4:44:23 PM [express] GET /api/organizations/1 200 in 6ms
4:44:39 PM [express] GET /api/team/members 304 in 1ms :: [{"id":1,"supabaseId":"00000000-0000-0000-0…
4:44:39 PM [express] GET /api/messages/conversations 304 in 1ms :: [{"projectId":3,"projectName":"Fi…
4:44:39 PM [express] GET /api/messages/client-conversations 200 in 1ms :: [{"clientId":1,"clientName…
4:44:39 PM [express] GET /api/messages/team-conversations 304 in 0ms :: [{"userId":1,"userName":"Ale…
4:44:39 PM [express] GET /api/organizations/1 200 in 15ms
4:44:43 PM [express] GET /api/team/members 304 in 1ms :: [{"id":1,"supabaseId":"00000000-0000-0000-0…
4:44:43 PM [express] GET /api/team/invitations 200 in 0ms :: [{"id":1,"organizationId":1,"email":"je…
4:44:43 PM [express] GET /api/organizations/1 200 in 5ms
4:44:47 PM [vite] hmr update /src/components/create-project-modal.tsx, /src/index.css?v=PIAmMRDo9wTcQUH5_Yno3
4:44:52 PM [express] GET /api/organizations/1/projects/count 200 in 1ms
4:45:02 PM [express] GET /api/organizations/1 200 in 6ms
4:45:02 PM [express] GET /api/team/members 304 in 0ms :: [{"id":1,"supabaseId":"00000000-0000-0000-0…
4:45:05 PM [express] GET /api/team/members 304 in 0ms :: [{"id":1,"supabaseId":"00000000-0000-0000-0…
4:45:05 PM [express] GET /api/team/invitations 304 in 0ms :: [{"id":1,"organizationId":1,"email":"je…
4:45:05 PM [express] GET /api/organizations/1 200 in 4ms
4:46:11 PM [express] GET /api/users 200 in 2ms :: [{"id":1,"supabaseId":"00000000-0000-0000-0000-000…
4:46:11 PM [express] GET /api/projects 200 in 1ms :: [{"id":1,"title":"E-commerce Platform","descrip…
4:46:11 PM [express] GET /api/projects/1/team-members 304 in 6ms :: [{"id":1,"projectId":1,"userId":…
4:46:11 PM [express] GET /api/projects/2/team-members 304 in 1ms :: [{"id":5,"projectId":2,"userId":…
4:46:11 PM [express] GET /api/projects/3/team-members 304 in 1ms :: [{"id":6,"projectId":3,"userId":…
4:46:11 PM [express] GET /api/projects/4/team-members 304 in 1ms :: []
4:46:11 PM [express] GET /api/projects/5/team-members 304 in 1ms :: []
4:46:11 PM [vite] hmr update /src/pages/team.tsx, /src/index.css?v=PIAmMRDo9wTcQUH5_Yno3
4:46:18 PM [express] GET /api/team/members 304 in 1ms :: [{"id":1,"supabaseId":"00000000-0000-0000-0…
4:46:18 PM [express] GET /api/organizations/1 200 in 11ms
4:46:23 PM [vite] hmr update /src/pages/team.tsx, /src/index.css?v=PIAmMRDo9wTcQUH5_Yno3
4:46:29 PM [vite] hmr update /src/pages/team.tsx, /src/index.css?v=PIAmMRDo9wTcQUH5_Yno3
4:46:35 PM [vite] hmr update /src/components/create-project-modal.tsx, /src/index.css?v=PIAmMRDo9wTcQUH5_Yno3
4:46:42 PM [vite] hmr update /src/components/create-project-modal.tsx, /src/index.css?v=PIAmMRDo9wTcQUH5_Yno3
4:46:42 PM [express] GET /api/team/members 304 in 0ms :: [{"id":1,"supabaseId":"00000000-0000-0000-0…
4:46:42 PM [express] GET /api/team/invitations 304 in 1ms :: [{"id":1,"organizationId":1,"email":"je…
4:46:42 PM [express] GET /api/organizations/1 200 in 19ms
4:46:55 PM [vite] hmr update /src/components/create-project-modal.tsx, /src/index.css?v=PIAmMRDo9wTcQUH5_Yno3
4:46:56 PM [express] GET /api/billing/1 304 in 1ms :: {"id":1,"name":"Funnel Portals Agency","slug":…
4:46:56 PM [express] GET /api/organizations/1 200 in 6ms
4:48:04 PM [express] GET /api/team/members 304 in 2ms :: [{"id":1,"supabaseId":"00000000-0000-0000-0…
4:48:04 PM [express] GET /api/team/invitations 304 in 0ms :: [{"id":1,"organizationId":1,"email":"je…
4:48:04 PM [express] GET /api/organizations/1 200 in 29ms
4:48:05 PM [express] GET /api/organizations/1 200 in 4ms
4:48:05 PM [express] GET /api/team/members 304 in 2ms :: [{"id":1,"supabaseId":"00000000-0000-0000-0…
4:48:06 PM [express] GET /api/team/members 304 in 0ms :: [{"id":1,"supabaseId":"00000000-0000-0000-0…
4:48:06 PM [express] GET /api/team/invitations 304 in 0ms :: [{"id":1,"organizationId":1,"email":"je…
4:48:06 PM [express] GET /api/organizations/1 200 in 4ms
4:48:06 PM [express] GET /api/organizations/1 200 in 3ms
4:48:06 PM [express] GET /api/team/members 304 in 1ms :: [{"id":1,"supabaseId":"00000000-0000-0000-0…
4:48:07 PM [express] GET /api/team/members 304 in 0ms :: [{"id":1,"supabaseId":"00000000-0000-0000-0…
4:48:07 PM [express] GET /api/team/invitations 304 in 1ms :: [{"id":1,"organizationId":1,"email":"je…
4:48:07 PM [express] GET /api/organizations/1 200 in 6ms
4:48:08 PM [express] GET /api/messages/conversations 304 in 0ms :: [{"projectId":3,"projectName":"Fi…
4:48:08 PM [express] GET /api/messages/client-conversations 304 in 0ms :: [{"clientId":1,"clientName…
4:48:08 PM [express] GET /api/messages/team-conversations 304 in 1ms :: [{"userId":1,"userName":"Ale…
4:48:08 PM [express] GET /api/organizations/1 200 in 17ms
4:48:09 PM [express] GET /api/billing/1 304 in 1ms :: {"id":1,"name":"Funnel Portals Agency","slug":…
4:48:09 PM [express] GET /api/organizations/1 200 in 8ms
4:48:09 PM [express] GET /api/notifications 304 in 1ms :: [{"id":1,"userId":1,"organizationId":1,"ty…
4:48:09 PM [express] GET /api/notifications/unread-count 304 in 0ms :: {"count":3}
4:48:09 PM [express] GET /api/projects 304 in 0ms :: [{"id":1,"title":"E-commerce Platform","descrip…
4:48:09 PM [express] GET /api/clients 304 in 1ms :: [{"id":1,"name":"Sarah Chen","email":"sarah@tech…
4:48:09 PM [express] GET /api/projects/count 404 in 0ms :: {"error":"Project not found"}
4:48:09 PM [express] GET /api/stats 304 in 0ms :: {"activeProjects":5,"totalClients":3,"monthlyReven…
4:48:09 PM [express] GET /api/activities 304 in 0ms :: [{"id":1,"type":"milestone_completed","title"…
4:48:09 PM [express] GET /api/organizations/1 200 in 8ms
4:48:13 PM [express] GET /api/notifications 304 in 1ms :: [{"id":1,"userId":1,"organizationId":1,"ty…
4:48:13 PM [express] GET /api/notifications/unread-count 304 in 1ms :: {"count":3}
4:48:13 PM [express] GET /api/clients 304 in 0ms :: [{"id":1,"name":"Sarah Chen","email":"sarah@tech…
4:48:13 PM [express] GET /api/billing/1 304 in 0ms :: {"id":1,"name":"Funnel Portals Agency","slug":…
4:48:13 PM [express] GET /api/stats 304 in 0ms :: {"activeProjects":5,"totalClients":3,"monthlyReven…
4:48:13 PM [express] GET /api/projects 304 in 1ms :: [{"id":1,"title":"E-commerce Platform","descrip…
4:48:13 PM [express] GET /api/activities 304 in 0ms :: [{"id":1,"type":"milestone_completed","title"…
4:48:13 PM [express] GET /api/organizations/1 200 in 9ms
4:48:13 PM [express] GET /api/organizations/1/projects/count 200 in 8ms
4:48:13 PM [express] GET /api/projects/5/team-members 304 in 1ms :: []
4:48:13 PM [express] GET /api/projects/4/team-members 304 in 0ms :: []
4:48:13 PM [express] GET /api/projects/2/team-members 304 in 1ms :: [{"id":5,"projectId":2,"userId":…
4:48:13 PM [express] GET /api/projects/3/team-members 304 in 0ms :: [{"id":6,"projectId":3,"userId":…
4:48:13 PM [express] GET /api/projects/1/team-members 304 in 0ms :: [{"id":1,"projectId":1,"userId":…
4:48:20 PM [express] GET /api/projects 304 in 0ms :: [{"id":1,"title":"E-commerce Platform","descrip…
4:48:20 PM [express] GET /api/billing/1 304 in 0ms :: {"id":1,"name":"Funnel Portals Agency","slug":…
4:48:20 PM [express] GET /api/organizations/1 200 in 2ms
4:48:20 PM [express] GET /api/projects/1/team-members 304 in 1ms :: [{"id":1,"projectId":1,"userId":…
4:48:20 PM [express] GET /api/projects/2/team-members 304 in 0ms :: [{"id":5,"projectId":2,"userId":…
4:48:20 PM [express] GET /api/projects/3/team-members 304 in 0ms :: [{"id":6,"projectId":3,"userId":…
4:48:20 PM [express] GET /api/projects/4/team-members 304 in 0ms :: []
4:48:20 PM [express] GET /api/projects/5/team-members 304 in 1ms :: []
